<?xml version="1.0" encoding="UTF-8"?>
<testsuite name="dev.campaigncore.settlers.economy.SettlementEconomyStateTest" tests="5" skipped="0" failures="0" errors="0" timestamp="2026-08-06T22:35:11.390Z" hostname="TOASTER" time="0.02">
  <properties/>
  <testcase name="copyConstructorIsDeep()" classname="dev.campaigncore.settlers.economy.SettlementEconomyStateTest" time="0.0"/>
  <testcase name="codecRoundTrips()" classname="dev.campaigncore.settlers.economy.SettlementEconomyStateTest" time="0.011"/>
  <testcase name="rejectsNegativeAndNonFinite()" classname="dev.campaigncore.settlers.economy.SettlementEconomyStateTest" time="0.004"/>
  <testcase name="bundlesCapAndClaim()" classname="dev.campaigncore.settlers.economy.SettlementEconomyStateTest" time="0.001"/>
  <testcase name="reduceDebtClampsAtZero()" classname="dev.campaigncore.settlers.economy.SettlementEconomyStateTest" time="0.001"/>
  <system-out><![CDATA[]]></system-out>
  <system-err><![CDATA[]]></system-err>
</testsuite>
