<?xml version="1.0" encoding="UTF-8"?>
<testsuite name="dev.campaigncore.settlers.production.SettlementProductionCodecTest" tests="2" skipped="0" failures="0" errors="0" timestamp="2026-08-06T22:35:11.440Z" hostname="TOASTER" time="0.011">
  <properties/>
  <testcase name="oldSettlementWithoutProductionLoadsWithOwnedDefault()" classname="dev.campaigncore.settlers.production.SettlementProductionCodecTest" time="0.002"/>
  <testcase name="productionStateRoundTrips()" classname="dev.campaigncore.settlers.production.SettlementProductionCodecTest" time="0.007"/>
  <system-out><![CDATA[]]></system-out>
  <system-err><![CDATA[]]></system-err>
</testsuite>
