<?xml version="1.0" encoding="UTF-8"?>
<testsuite name="dev.campaigncore.settlers.behavior.ScheduleSelectorTest" tests="6" skipped="0" failures="0" errors="0" timestamp="2026-08-06T22:35:04.187Z" hostname="TOASTER" time="7.093">
  <properties/>
  <testcase name="personalBreaksStayBetweenNineAndThree()" classname="dev.campaigncore.settlers.behavior.ScheduleSelectorTest" time="0.002"/>
  <testcase name="personalBreakWindowHasStableBoundaries()" classname="dev.campaigncore.settlers.behavior.ScheduleSelectorTest" time="0.001"/>
  <testcase name="settlersReceiveVariedStartsAndDestinations()" classname="dev.campaigncore.settlers.behavior.ScheduleSelectorTest" time="0.001"/>
  <testcase name="guardsPatrolAtNightWhileOtherResidentsSleep()" classname="dev.campaigncore.settlers.behavior.ScheduleSelectorTest" time="0.005"/>
  <testcase name="thrivingConversationWindowIsLonger()" classname="dev.campaigncore.settlers.behavior.ScheduleSelectorTest" time="0.0"/>
  <testcase name="workTransitionsAndErrandCountsVaryByResident()" classname="dev.campaigncore.settlers.behavior.ScheduleSelectorTest" time="0.001"/>
  <system-out><![CDATA[]]></system-out>
  <system-err><![CDATA[]]></system-err>
</testsuite>
