<?xml version="1.0" encoding="UTF-8"?>
<testsuite name="dev.campaigncore.settlers.production.SettlementProductionCodecTest" tests="2" skipped="0" failures="0" errors="0" timestamp="2026-08-02T22:28:42.289Z" hostname="TOASTER" time="0.007">
  <properties/>
  <testcase name="oldSettlementWithoutProductionLoadsWithOwnedDefault()" classname="dev.campaigncore.settlers.production.SettlementProductionCodecTest" time="0.001"/>
  <testcase name="productionStateRoundTrips()" classname="dev.campaigncore.settlers.production.SettlementProductionCodecTest" time="0.004"/>
  <system-out><![CDATA[]]></system-out>
  <system-err><![CDATA[]]></system-err>
</testsuite>
