<?xml version="1.0" encoding="UTF-8"?>
<testsuite name="dev.campaigncore.settlers.settlement.FrontierHubTilesetTest" tests="3" skipped="0" failures="0" errors="0" timestamp="2026-08-02T22:28:42.314Z" hostname="TOASTER" time="0.218">
  <properties/>
  <testcase name="plazaStartsSixPrimaryRoadsAndBranchesCanTerminate()" classname="dev.campaigncore.settlers.settlement.FrontierHubTilesetTest" time="0.007"/>
  <testcase name="allAuthoredTemplatesAreValidCompressedStructureNbt()" classname="dev.campaigncore.settlers.settlement.FrontierHubTilesetTest" time="0.197"/>
  <testcase name="everyTemplateHasParseableAuthoringMetadata()" classname="dev.campaigncore.settlers.settlement.FrontierHubTilesetTest" time="0.014"/>
  <system-out><![CDATA[]]></system-out>
  <system-err><![CDATA[]]></system-err>
</testsuite>
