<?xml version="1.0" encoding="UTF-8"?>
<testsuite name="dev.campaigncore.settlers.economy.SettlementEconomyConsumptionTest" tests="7" skipped="0" failures="0" errors="0" timestamp="2026-08-06T22:35:11.377Z" hostname="TOASTER" time="0.012">
  <properties/>
  <testcase name="elapsedIsClampedToSevenDays()" classname="dev.campaigncore.settlers.economy.SettlementEconomyConsumptionTest" time="0.003"/>
  <testcase name="storageIsRequestedOnlyForWholeBlocksNeededByShortfall()" classname="dev.campaigncore.settlers.economy.SettlementEconomyConsumptionTest" time="0.001"/>
  <testcase name="sameTickIsNoOp()" classname="dev.campaigncore.settlers.economy.SettlementEconomyConsumptionTest" time="0.0"/>
  <testcase name="leftoverFoodReducesDebtBeforeSurplus()" classname="dev.campaigncore.settlers.economy.SettlementEconomyConsumptionTest" time="0.001"/>
  <testcase name="firstPassInitializesClockAndConsumesNothing()" classname="dev.campaigncore.settlers.economy.SettlementEconomyConsumptionTest" time="0.001"/>
  <testcase name="partialAvailabilityCreatesDebt()" classname="dev.campaigncore.settlers.economy.SettlementEconomyConsumptionTest" time="0.001"/>
  <testcase name="elapsedConsumptionReducesFood()" classname="dev.campaigncore.settlers.economy.SettlementEconomyConsumptionTest" time="0.0"/>
  <system-out><![CDATA[]]></system-out>
  <system-err><![CDATA[]]></system-err>
</testsuite>
