<?xml version="1.0" encoding="UTF-8"?>
<testsuite name="dev.campaigncore.settlers.economy.SettlementEconomyCodecTest" tests="1" skipped="0" failures="0" errors="0" timestamp="2026-08-06T22:35:11.335Z" hostname="TOASTER" time="0.036">
  <properties/>
  <testcase name="oldSettlementWithoutEconomyLoadsWithOwnedDefault()" classname="dev.campaigncore.settlers.economy.SettlementEconomyCodecTest" time="0.036"/>
  <system-out><![CDATA[]]></system-out>
  <system-err><![CDATA[]]></system-err>
</testsuite>
