<?xml version="1.0" encoding="UTF-8"?>
<testsuite name="dev.campaigncore.settlers.behavior.SettlerHurtByTargetGoalTest" tests="3" skipped="0" failures="0" errors="0" timestamp="2026-08-02T22:28:42.176Z" hostname="TOASTER" time="0.004">
  <properties/>
  <testcase name="settlerForgivesPlayerAfterEightSecondsWithoutHostility()" classname="dev.campaigncore.settlers.behavior.SettlerHurtByTargetGoalTest" time="0.001"/>
  <testcase name="settlerTargetsRecentlyHostilePlayerInsideSettlement()" classname="dev.campaigncore.settlers.behavior.SettlerHurtByTargetGoalTest" time="0.001"/>
  <testcase name="settlerImmediatelyStopsTargetingPlayerOutsideSettlement()" classname="dev.campaigncore.settlers.behavior.SettlerHurtByTargetGoalTest" time="0.001"/>
  <system-out><![CDATA[]]></system-out>
  <system-err><![CDATA[]]></system-err>
</testsuite>
