<?xml version="1.0" encoding="UTF-8"?>
<testsuite name="dev.campaigncore.washedashore.incident.HubIncidentDefinitionTest" tests="2" skipped="0" failures="0" errors="0" timestamp="2026-08-02T22:28:42.604Z" hostname="TOASTER" time="0.013">
  <properties/>
  <testcase name="runtimeStateRoundTrips()" classname="dev.campaigncore.washedashore.incident.HubIncidentDefinitionTest" time="0.003"/>
  <testcase name="parsesAllObjectiveAndSpawnStrategies()" classname="dev.campaigncore.washedashore.incident.HubIncidentDefinitionTest" time="0.01"/>
  <system-out><![CDATA[]]></system-out>
  <system-err><![CDATA[]]></system-err>
</testsuite>
