<?xml version="1.0" encoding="UTF-8"?>
<testsuite name="dev.campaigncore.settlers.settlement.FrontierHubTilesetTest" tests="3" skipped="0" failures="0" errors="0" timestamp="2026-08-06T22:35:11.483Z" hostname="TOASTER" time="0.222">
  <properties/>
  <testcase name="plazaStartsSixPrimaryRoadsAndBranchesCanTerminate()" classname="dev.campaigncore.settlers.settlement.FrontierHubTilesetTest" time="0.008"/>
  <testcase name="allAuthoredTemplatesAreValidCompressedStructureNbt()" classname="dev.campaigncore.settlers.settlement.FrontierHubTilesetTest" time="0.191"/>
  <testcase name="everyTemplateHasParseableAuthoringMetadata()" classname="dev.campaigncore.settlers.settlement.FrontierHubTilesetTest" time="0.021"/>
  <system-out><![CDATA[]]></system-out>
  <system-err><![CDATA[]]></system-err>
</testsuite>
